<?xml version="1.0" encoding="UTF-8"?>
<testng-results ignored="0" total="0" passed="0" failed="0" skipped="0">
  <reporter-output>
  </reporter-output>
  <suite started-at="2022-05-06T18:17:42 EET" name="Surefire suite" finished-at="2022-05-06T18:22:04 EET" duration-ms="262095">
    <groups>
    </groups>
    <test started-at="2022-05-06T18:17:42 EET" name="Surefire test" finished-at="2022-05-06T18:22:04 EET" duration-ms="262095">
    </test> <!-- Surefire test -->
  </suite> <!-- Surefire suite -->
</testng-results>
